This file contains any messages produced by compilers while
running configure, to aid debugging if configure makes a mistake.

It was created by coova-chilli configure 1.3.0, which was
generated by GNU Autoconf 2.68.  Invocation command line was

  $ ./configure --enable-miniportal --with-openssl

## --------- ##
## Platform. ##
## --------- ##

hostname = hieu-K43E
uname -m = x86_64
uname -r = 3.13.0-49-generic
uname -s = Linux
uname -v = #81-Ubuntu SMP Tue Mar 24 19:29:48 UTC 2015

/usr/bin/uname -p = unknown
/bin/uname -X     = unknown

/bin/arch              = unknown
/usr/bin/arch -k       = unknown
/usr/convex/getsysinfo = unknown
/usr/bin/hostinfo      = unknown
/bin/machine           = unknown
/usr/bin/oslevel       = unknown
/bin/universe          = unknown

PATH: /opt/jdk1.8.0_20/bin
PATH: /opt/jdk1.8.0_20/jre/bin
PATH: /usr/local/sbin
PATH: /usr/local/bin
PATH: /usr/sbin
PATH: /usr/bin
PATH: /sbin
PATH: /bin
PATH: /usr/games
PATH: /usr/local/games
PATH: /opt/eclipse
PATH: /opt/vpcs
PATH: /home/hieu/.rvm/bin
PATH: /home/hieu/.rvm/bin


## ----------- ##
## Core tests. ##
## ----------- ##

configure:2516: checking for a BSD-compatible install
configure:2584: result: /usr/bin/install -c
configure:2595: checking whether build environment is sane
configure:2645: result: yes
configure:2786: checking for a thread-safe mkdir -p
configure:2825: result: /bin/mkdir -p
configure:2838: checking for gawk
configure:2854: found /usr/bin/gawk
configure:2865: result: gawk
configure:2876: checking whether make sets $(MAKE)
configure:2898: result: yes
configure:3033: checking for gcc
configure:3049: found /usr/bin/gcc
configure:3060: result: gcc
configure:3289: checking for C compiler version
configure:3298: gcc --version >&5
gcc (Ubuntu 4.8.2-19ubuntu1) 4.8.2
Copyright (C) 2013 Free Software Foundation, Inc.
This is free software; see the source for copying conditions.  There is NO
warranty; not even for MERCHANTABILITY or FITNESS FOR A PARTICULAR PURPOSE.

configure:3309: $? = 0
configure:3298: gcc -v >&5
Using built-in specs.
COLLECT_GCC=gcc
COLLECT_LTO_WRAPPER=/usr/lib/gcc/x86_64-linux-gnu/4.8/lto-wrapper
Target: x86_64-linux-gnu
Configured with: ../src/configure -v --with-pkgversion='Ubuntu 4.8.2-19ubuntu1' --with-bugurl=file:///usr/share/doc/gcc-4.8/README.Bugs --enable-languages=c,c++,java,go,d,fortran,objc,obj-c++ --prefix=/usr --program-suffix=-4.8 --enable-shared --enable-linker-build-id --libexecdir=/usr/lib --without-included-gettext --enable-threads=posix --with-gxx-include-dir=/usr/include/c++/4.8 --libdir=/usr/lib --enable-nls --with-sysroot=/ --enable-clocale=gnu --enable-libstdcxx-debug --enable-libstdcxx-time=yes --enable-gnu-unique-object --disable-libmudflap --enable-plugin --with-system-zlib --disable-browser-plugin --enable-java-awt=gtk --enable-gtk-cairo --with-java-home=/usr/lib/jvm/java-1.5.0-gcj-4.8-amd64/jre --enable-java-home --with-jvm-root-dir=/usr/lib/jvm/java-1.5.0-gcj-4.8-amd64 --with-jvm-jar-dir=/usr/lib/jvm-exports/java-1.5.0-gcj-4.8-amd64 --with-arch-directory=amd64 --with-ecj-jar=/usr/share/java/eclipse-ecj.jar --enable-objc-gc --enable-multiarch --disable-werror --with-arch-32=i686 --with-abi=m64 --with-multilib-list=m32,m64,mx32 --with-tune=generic --enable-checking=release --build=x86_64-linux-gnu --host=x86_64-linux-gnu --target=x86_64-linux-gnu
Thread model: posix
gcc version 4.8.2 (Ubuntu 4.8.2-19ubuntu1) 
configure:3309: $? = 0
configure:3298: gcc -V >&5
gcc: error: unrecognized command line option '-V'
gcc: fatal error: no input files
compilation terminated.
configure:3309: $? = 4
configure:3298: gcc -qversion >&5
gcc: error: unrecognized command line option '-qversion'
gcc: fatal error: no input files
compilation terminated.
configure:3309: $? = 4
configure:3329: checking whether the C compiler works
configure:3351: gcc    conftest.c  >&5
configure:3355: $? = 0
configure:3403: result: yes
configure:3406: checking for C compiler default output file name
configure:3408: result: a.out
configure:3414: checking for suffix of executables
configure:3421: gcc -o conftest    conftest.c  >&5
configure:3425: $? = 0
configure:3447: result: 
configure:3469: checking whether we are cross compiling
configure:3477: gcc -o conftest    conftest.c  >&5
configure:3481: $? = 0
configure:3488: ./conftest
configure:3492: $? = 0
configure:3507: result: no
configure:3512: checking for suffix of object files
configure:3534: gcc -c   conftest.c >&5
configure:3538: $? = 0
configure:3559: result: o
configure:3563: checking whether we are using the GNU C compiler
configure:3582: gcc -c   conftest.c >&5
configure:3582: $? = 0
configure:3591: result: yes
configure:3600: checking whether gcc accepts -g
configure:3620: gcc -c -g  conftest.c >&5
configure:3620: $? = 0
configure:3661: result: yes
configure:3678: checking for gcc option to accept ISO C89
configure:3742: gcc  -c -g -O2  conftest.c >&5
configure:3742: $? = 0
configure:3755: result: none needed
configure:3786: checking for style of include used by make
configure:3814: result: GNU
configure:3840: checking dependency style of gcc
configure:3951: result: gcc3
configure:3997: checking build system type
configure:4011: result: x86_64-unknown-linux-gnu
configure:4031: checking host system type
configure:4044: result: x86_64-unknown-linux-gnu
configure:4085: checking how to print strings
configure:4112: result: printf
configure:4133: checking for a sed that does not truncate output
configure:4197: result: /bin/sed
configure:4215: checking for grep that handles long lines and -e
configure:4273: result: /bin/grep
configure:4278: checking for egrep
configure:4340: result: /bin/grep -E
configure:4345: checking for fgrep
configure:4407: result: /bin/grep -F
configure:4442: checking for ld used by gcc
configure:4509: result: /usr/bin/ld
configure:4516: checking if the linker (/usr/bin/ld) is GNU ld
configure:4531: result: yes
configure:4543: checking for BSD- or MS-compatible name lister (nm)
configure:4592: result: /usr/bin/nm -B
configure:4722: checking the name lister (/usr/bin/nm -B) interface
configure:4729: gcc -c -g -O2  conftest.c >&5
configure:4732: /usr/bin/nm -B "conftest.o"
configure:4735: output
0000000000000000 B some_variable
configure:4742: result: BSD nm
configure:4745: checking whether ln -s works
configure:4749: result: yes
configure:4757: checking the maximum length of command line arguments
configure:4887: result: 1572864
configure:4904: checking whether the shell understands some XSI constructs
configure:4914: result: yes
configure:4918: checking whether the shell understands "+="
configure:4924: result: yes
configure:4959: checking how to convert x86_64-unknown-linux-gnu file names to x86_64-unknown-linux-gnu format
configure:4999: result: func_convert_file_noop
configure:5006: checking how to convert x86_64-unknown-linux-gnu file names to toolchain format
configure:5026: result: func_convert_file_noop
configure:5033: checking for /usr/bin/ld option to reload object files
configure:5040: result: -r
configure:5114: checking for objdump
configure:5130: found /usr/bin/objdump
configure:5141: result: objdump
configure:5173: checking how to recognize dependent libraries
configure:5375: result: pass_all
configure:5460: checking for dlltool
configure:5490: result: no
configure:5520: checking how to associate runtime and link libraries
configure:5547: result: printf %s\n
configure:5608: checking for ar
configure:5624: found /usr/bin/ar
configure:5635: result: ar
configure:5672: checking for archiver @FILE support
configure:5689: gcc -c -g -O2  conftest.c >&5
configure:5689: $? = 0
configure:5692: ar cru libconftest.a @conftest.lst >&5
configure:5695: $? = 0
configure:5700: ar cru libconftest.a @conftest.lst >&5
ar: conftest.o: No such file or directory
configure:5703: $? = 1
configure:5715: result: @
configure:5773: checking for strip
configure:5789: found /usr/bin/strip
configure:5800: result: strip
configure:5872: checking for ranlib
configure:5888: found /usr/bin/ranlib
configure:5899: result: ranlib
configure:6001: checking command to parse /usr/bin/nm -B output from gcc object
configure:6121: gcc -c -g -O2  conftest.c >&5
configure:6124: $? = 0
configure:6128: /usr/bin/nm -B conftest.o \| sed -n -e 's/^.*[ ]\([ABCDGIRSTW][ABCDGIRSTW]*\)[ ][ ]*\([_A-Za-z][_A-Za-z0-9]*\)$/\1 \2 \2/p' | sed '/ __gnu_lto/d' \> conftest.nm
configure:6131: $? = 0
configure:6197: gcc -o conftest -g -O2   conftest.c conftstm.o >&5
configure:6200: $? = 0
configure:6238: result: ok
configure:6275: checking for sysroot
configure:6305: result: no
configure:6382: gcc -c -g -O2  conftest.c >&5
configure:6385: $? = 0
configure:6561: checking for mt
configure:6577: found /bin/mt
configure:6588: result: mt
configure:6611: checking if mt is a manifest tool
configure:6617: mt '-?'
configure:6625: result: no
configure:7267: checking how to run the C preprocessor
configure:7298: gcc -E  conftest.c
configure:7298: $? = 0
configure:7312: gcc -E  conftest.c
conftest.c:11:28: fatal error: ac_nonexistent.h: No such file or directory
 #include <ac_nonexistent.h>
                            ^
compilation terminated.
configure:7312: $? = 1
configure: failed program was:
| /* confdefs.h */
| #define PACKAGE_NAME "coova-chilli"
| #define PACKAGE_TARNAME "coova-chilli"
| #define PACKAGE_VERSION "1.3.0"
| #define PACKAGE_STRING "coova-chilli 1.3.0"
| #define PACKAGE_BUGREPORT "support@coova.com"
| #define PACKAGE_URL ""
| #define PACKAGE "coova-chilli"
| #define VERSION "1.3.0"
| /* end confdefs.h.  */
| #include <ac_nonexistent.h>
configure:7337: result: gcc -E
configure:7357: gcc -E  conftest.c
configure:7357: $? = 0
configure:7371: gcc -E  conftest.c
conftest.c:11:28: fatal error: ac_nonexistent.h: No such file or directory
 #include <ac_nonexistent.h>
                            ^
compilation terminated.
configure:7371: $? = 1
configure: failed program was:
| /* confdefs.h */
| #define PACKAGE_NAME "coova-chilli"
| #define PACKAGE_TARNAME "coova-chilli"
| #define PACKAGE_VERSION "1.3.0"
| #define PACKAGE_STRING "coova-chilli 1.3.0"
| #define PACKAGE_BUGREPORT "support@coova.com"
| #define PACKAGE_URL ""
| #define PACKAGE "coova-chilli"
| #define VERSION "1.3.0"
| /* end confdefs.h.  */
| #include <ac_nonexistent.h>
configure:7400: checking for ANSI C header files
configure:7420: gcc -c -g -O2  conftest.c >&5
configure:7420: $? = 0
configure:7493: gcc -o conftest -g -O2   conftest.c  >&5
configure:7493: $? = 0
configure:7493: ./conftest
configure:7493: $? = 0
configure:7504: result: yes
configure:7517: checking for sys/types.h
configure:7517: gcc -c -g -O2  conftest.c >&5
configure:7517: $? = 0
configure:7517: result: yes
configure:7517: checking for sys/stat.h
configure:7517: gcc -c -g -O2  conftest.c >&5
configure:7517: $? = 0
configure:7517: result: yes
configure:7517: checking for stdlib.h
configure:7517: gcc -c -g -O2  conftest.c >&5
configure:7517: $? = 0
configure:7517: result: yes
configure:7517: checking for string.h
configure:7517: gcc -c -g -O2  conftest.c >&5
configure:7517: $? = 0
configure:7517: result: yes
configure:7517: checking for memory.h
configure:7517: gcc -c -g -O2  conftest.c >&5
configure:7517: $? = 0
configure:7517: result: yes
configure:7517: checking for strings.h
configure:7517: gcc -c -g -O2  conftest.c >&5
configure:7517: $? = 0
configure:7517: result: yes
configure:7517: checking for inttypes.h
configure:7517: gcc -c -g -O2  conftest.c >&5
configure:7517: $? = 0
configure:7517: result: yes
configure:7517: checking for stdint.h
configure:7517: gcc -c -g -O2  conftest.c >&5
configure:7517: $? = 0
configure:7517: result: yes
configure:7517: checking for unistd.h
configure:7517: gcc -c -g -O2  conftest.c >&5
configure:7517: $? = 0
configure:7517: result: yes
configure:7531: checking for dlfcn.h
configure:7531: gcc -c -g -O2  conftest.c >&5
configure:7531: $? = 0
configure:7531: result: yes
configure:7737: checking for objdir
configure:7752: result: .libs
configure:8019: checking if gcc supports -fno-rtti -fno-exceptions
configure:8037: gcc -c -g -O2  -fno-rtti -fno-exceptions conftest.c >&5
cc1: warning: command line option '-fno-rtti' is valid for C++/ObjC++ but not for C [enabled by default]
configure:8041: $? = 0
configure:8054: result: no
configure:8381: checking for gcc option to produce PIC
configure:8388: result: -fPIC -DPIC
configure:8396: checking if gcc PIC flag -fPIC -DPIC works
configure:8414: gcc -c -g -O2  -fPIC -DPIC -DPIC conftest.c >&5
configure:8418: $? = 0
configure:8431: result: yes
configure:8460: checking if gcc static flag -static works
configure:8488: result: yes
configure:8503: checking if gcc supports -c -o file.o
configure:8524: gcc -c -g -O2  -o out/conftest2.o conftest.c >&5
configure:8528: $? = 0
configure:8550: result: yes
configure:8558: checking if gcc supports -c -o file.o
configure:8605: result: yes
configure:8638: checking whether the gcc linker (/usr/bin/ld -m elf_x86_64) supports shared libraries
configure:9795: result: yes
configure:9832: checking whether -lc should be explicitly linked in
configure:9840: gcc -c -g -O2  conftest.c >&5
configure:9843: $? = 0
configure:9858: gcc -shared  -fPIC -DPIC conftest.o  -v -Wl,-soname -Wl,conftest -o conftest 2\>\&1 \| /bin/grep  -lc  \>/dev/null 2\>\&1
configure:9861: $? = 0
configure:9875: result: no
configure:10035: checking dynamic linker characteristics
configure:10546: gcc -o conftest -g -O2   -Wl,-rpath -Wl,/foo conftest.c  >&5
configure:10546: $? = 0
configure:10780: result: GNU/Linux ld.so
configure:10887: checking how to hardcode library paths into programs
configure:10912: result: immediate
configure:11452: checking whether stripping libraries is possible
configure:11457: result: yes
configure:11492: checking if libtool supports shared libraries
configure:11494: result: yes
configure:11497: checking whether to build shared libraries
configure:11518: result: yes
configure:11521: checking whether to build static libraries
configure:11525: result: yes
configure:11599: result: linux
configure:11605: checking if if_packet.h has tpacket_stats defined
configure:11622: gcc -c -g -O2  conftest.c >&5
configure:11622: $? = 0
configure:11630: result: yes
configure:11637: checking if tpacket_auxdata struct has tp_vlan_tci member
configure:11655: gcc -c -g -O2  conftest.c >&5
configure:11655: $? = 0
configure:11663: result: yes
configure:11676: checking for ANSI C header files
configure:11780: result: yes
configure:11801: checking arpa/inet.h usability
configure:11801: gcc -c -g -O2  conftest.c >&5
configure:11801: $? = 0
configure:11801: result: yes
configure:11801: checking arpa/inet.h presence
configure:11801: gcc -E  conftest.c
configure:11801: $? = 0
configure:11801: result: yes
configure:11801: checking for arpa/inet.h
configure:11801: result: yes
configure:11801: checking errno.h usability
configure:11801: gcc -c -g -O2  conftest.c >&5
configure:11801: $? = 0
configure:11801: result: yes
configure:11801: checking errno.h presence
configure:11801: gcc -E  conftest.c
configure:11801: $? = 0
configure:11801: result: yes
configure:11801: checking for errno.h
configure:11801: result: yes
configure:11801: checking fcntl.h usability
configure:11801: gcc -c -g -O2  conftest.c >&5
configure:11801: $? = 0
configure:11801: result: yes
configure:11801: checking fcntl.h presence
configure:11801: gcc -E  conftest.c
configure:11801: $? = 0
configure:11801: result: yes
configure:11801: checking for fcntl.h
configure:11801: result: yes
configure:11801: checking dirent.h usability
configure:11801: gcc -c -g -O2  conftest.c >&5
configure:11801: $? = 0
configure:11801: result: yes
configure:11801: checking dirent.h presence
configure:11801: gcc -E  conftest.c
configure:11801: $? = 0
configure:11801: result: yes
configure:11801: checking for dirent.h
configure:11801: result: yes
configure:11801: checking netdb.h usability
configure:11801: gcc -c -g -O2  conftest.c >&5
configure:11801: $? = 0
configure:11801: result: yes
configure:11801: checking netdb.h presence
configure:11801: gcc -E  conftest.c
configure:11801: $? = 0
configure:11801: result: yes
configure:11801: checking for netdb.h
configure:11801: result: yes
configure:11801: checking netinet/in.h usability
configure:11801: gcc -c -g -O2  conftest.c >&5
configure:11801: $? = 0
configure:11801: result: yes
configure:11801: checking netinet/in.h presence
configure:11801: gcc -E  conftest.c
configure:11801: $? = 0
configure:11801: result: yes
configure:11801: checking for netinet/in.h
configure:11801: result: yes
configure:11801: checking netinet/tcp.h usability
configure:11801: gcc -c -g -O2  conftest.c >&5
configure:11801: $? = 0
configure:11801: result: yes
configure:11801: checking netinet/tcp.h presence
configure:11801: gcc -E  conftest.c
configure:11801: $? = 0
configure:11801: result: yes
configure:11801: checking for netinet/tcp.h
configure:11801: result: yes
configure:11801: checking for stdint.h
configure:11801: result: yes
configure:11801: checking stddef.h usability
configure:11801: gcc -c -g -O2  conftest.c >&5
configure:11801: $? = 0
configure:11801: result: yes
configure:11801: checking stddef.h presence
configure:11801: gcc -E  conftest.c
configure:11801: $? = 0
configure:11801: result: yes
configure:11801: checking for stddef.h
configure:11801: result: yes
configure:11801: checking for stdlib.h
configure:11801: result: yes
configure:11801: checking for string.h
configure:11801: result: yes
configure:11801: checking sys/ioctl.h usability
configure:11801: gcc -c -g -O2  conftest.c >&5
configure:11801: $? = 0
configure:11801: result: yes
configure:11801: checking sys/ioctl.h presence
configure:11801: gcc -E  conftest.c
configure:11801: $? = 0
configure:11801: result: yes
configure:11801: checking for sys/ioctl.h
configure:11801: result: yes
configure:11801: checking sys/socket.h usability
configure:11801: gcc -c -g -O2  conftest.c >&5
configure:11801: $? = 0
configure:11801: result: yes
configure:11801: checking sys/socket.h presence
configure:11801: gcc -E  conftest.c
configure:11801: $? = 0
configure:11801: result: yes
configure:11801: checking for sys/socket.h
configure:11801: result: yes
configure:11801: checking sys/sysinfo.h usability
configure:11801: gcc -c -g -O2  conftest.c >&5
configure:11801: $? = 0
configure:11801: result: yes
configure:11801: checking sys/sysinfo.h presence
configure:11801: gcc -E  conftest.c
configure:11801: $? = 0
configure:11801: result: yes
configure:11801: checking for sys/sysinfo.h
configure:11801: result: yes
configure:11801: checking sys/param.h usability
configure:11801: gcc -c -g -O2  conftest.c >&5
configure:11801: $? = 0
configure:11801: result: yes
configure:11801: checking sys/param.h presence
configure:11801: gcc -E  conftest.c
configure:11801: $? = 0
configure:11801: result: yes
configure:11801: checking for sys/param.h
configure:11801: result: yes
configure:11801: checking sys/time.h usability
configure:11801: gcc -c -g -O2  conftest.c >&5
configure:11801: $? = 0
configure:11801: result: yes
configure:11801: checking sys/time.h presence
configure:11801: gcc -E  conftest.c
configure:11801: $? = 0
configure:11801: result: yes
configure:11801: checking for sys/time.h
configure:11801: result: yes
configure:11801: checking time.h usability
configure:11801: gcc -c -g -O2  conftest.c >&5
configure:11801: $? = 0
configure:11801: result: yes
configure:11801: checking time.h presence
configure:11801: gcc -E  conftest.c
configure:11801: $? = 0
configure:11801: result: yes
configure:11801: checking for time.h
configure:11801: result: yes
configure:11801: checking sys/ipc.h usability
configure:11801: gcc -c -g -O2  conftest.c >&5
configure:11801: $? = 0
configure:11801: result: yes
configure:11801: checking sys/ipc.h presence
configure:11801: gcc -E  conftest.c
configure:11801: $? = 0
configure:11801: result: yes
configure:11801: checking for sys/ipc.h
configure:11801: result: yes
configure:11801: checking sys/msg.h usability
configure:11801: gcc -c -g -O2  conftest.c >&5
configure:11801: $? = 0
configure:11801: result: yes
configure:11801: checking sys/msg.h presence
configure:11801: gcc -E  conftest.c
configure:11801: $? = 0
configure:11801: result: yes
configure:11801: checking for sys/msg.h
configure:11801: result: yes
configure:11801: checking signal.h usability
configure:11801: gcc -c -g -O2  conftest.c >&5
configure:11801: $? = 0
configure:11801: result: yes
configure:11801: checking signal.h presence
configure:11801: gcc -E  conftest.c
configure:11801: $? = 0
configure:11801: result: yes
configure:11801: checking for signal.h
configure:11801: result: yes
configure:11801: checking sys/wait.h usability
configure:11801: gcc -c -g -O2  conftest.c >&5
configure:11801: $? = 0
configure:11801: result: yes
configure:11801: checking sys/wait.h presence
configure:11801: gcc -E  conftest.c
configure:11801: $? = 0
configure:11801: result: yes
configure:11801: checking for sys/wait.h
configure:11801: result: yes
configure:11801: checking sys/un.h usability
configure:11801: gcc -c -g -O2  conftest.c >&5
configure:11801: $? = 0
configure:11801: result: yes
configure:11801: checking sys/un.h presence
configure:11801: gcc -E  conftest.c
configure:11801: $? = 0
configure:11801: result: yes
configure:11801: checking for sys/un.h
configure:11801: result: yes
configure:11801: checking ifaddrs.h usability
configure:11801: gcc -c -g -O2  conftest.c >&5
configure:11801: $? = 0
configure:11801: result: yes
configure:11801: checking ifaddrs.h presence
configure:11801: gcc -E  conftest.c
configure:11801: $? = 0
configure:11801: result: yes
configure:11801: checking for ifaddrs.h
configure:11801: result: yes
configure:11801: checking for sys/stat.h
configure:11801: result: yes
configure:11801: checking for sys/types.h
configure:11801: result: yes
configure:11801: checking regex.h usability
configure:11801: gcc -c -g -O2  conftest.c >&5
configure:11801: $? = 0
configure:11801: result: yes
configure:11801: checking regex.h presence
configure:11801: gcc -E  conftest.c
configure:11801: $? = 0
configure:11801: result: yes
configure:11801: checking for regex.h
configure:11801: result: yes
configure:11801: checking syslog.h usability
configure:11801: gcc -c -g -O2  conftest.c >&5
configure:11801: $? = 0
configure:11801: result: yes
configure:11801: checking syslog.h presence
configure:11801: gcc -E  conftest.c
configure:11801: $? = 0
configure:11801: result: yes
configure:11801: checking for syslog.h
configure:11801: result: yes
configure:11801: checking poll.h usability
configure:11801: gcc -c -g -O2  conftest.c >&5
configure:11801: $? = 0
configure:11801: result: yes
configure:11801: checking poll.h presence
configure:11801: gcc -E  conftest.c
configure:11801: $? = 0
configure:11801: result: yes
configure:11801: checking for poll.h
configure:11801: result: yes
configure:11801: checking sys/epoll.h usability
configure:11801: gcc -c -g -O2  conftest.c >&5
configure:11801: $? = 0
configure:11801: result: yes
configure:11801: checking sys/epoll.h presence
configure:11801: gcc -E  conftest.c
configure:11801: $? = 0
configure:11801: result: yes
configure:11801: checking for sys/epoll.h
configure:11801: result: yes
configure:11801: checking for unistd.h
configure:11801: result: yes
configure:11801: checking endian.h usability
configure:11801: gcc -c -g -O2  conftest.c >&5
configure:11801: $? = 0
configure:11801: result: yes
configure:11801: checking endian.h presence
configure:11801: gcc -E  conftest.c
configure:11801: $? = 0
configure:11801: result: yes
configure:11801: checking for endian.h
configure:11801: result: yes
configure:11801: checking libgen.h usability
configure:11801: gcc -c -g -O2  conftest.c >&5
configure:11801: $? = 0
configure:11801: result: yes
configure:11801: checking libgen.h presence
configure:11801: gcc -E  conftest.c
configure:11801: $? = 0
configure:11801: result: yes
configure:11801: checking for libgen.h
configure:11801: result: yes
configure:11801: checking asm/types.h usability
configure:11801: gcc -c -g -O2  conftest.c >&5
configure:11801: $? = 0
configure:11801: result: yes
configure:11801: checking asm/types.h presence
configure:11801: gcc -E  conftest.c
configure:11801: $? = 0
configure:11801: result: yes
configure:11801: checking for asm/types.h
configure:11801: result: yes
configure:11801: checking pwd.h usability
configure:11801: gcc -c -g -O2  conftest.c >&5
configure:11801: $? = 0
configure:11801: result: yes
configure:11801: checking pwd.h presence
configure:11801: gcc -E  conftest.c
configure:11801: $? = 0
configure:11801: result: yes
configure:11801: checking for pwd.h
configure:11801: result: yes
configure:11801: checking grp.h usability
configure:11801: gcc -c -g -O2  conftest.c >&5
configure:11801: $? = 0
configure:11801: result: yes
configure:11801: checking grp.h presence
configure:11801: gcc -E  conftest.c
configure:11801: $? = 0
configure:11801: result: yes
configure:11801: checking for grp.h
configure:11801: result: yes
configure:11815: checking for resolv.h
configure:11815: gcc -c -g -O2  conftest.c >&5
configure:11815: $? = 0
configure:11815: result: yes
configure:11815: checking for net/route.h
configure:11815: gcc -c -g -O2  conftest.c >&5
configure:11815: $? = 0
configure:11815: result: yes
configure:11815: checking for net/if.h
configure:11815: gcc -c -g -O2  conftest.c >&5
configure:11815: $? = 0
configure:11815: result: yes
configure:11815: checking for net/if_arp.h
configure:11815: gcc -c -g -O2  conftest.c >&5
configure:11815: $? = 0
configure:11815: result: yes
configure:11815: checking for net/if_tun.h
configure:11815: gcc -c -g -O2  conftest.c >&5
conftest.c:86:24: fatal error: net/if_tun.h: No such file or directory
 #include <net/if_tun.h>
                        ^
compilation terminated.
configure:11815: $? = 1
configure: failed program was:
| /* confdefs.h */
| #define PACKAGE_NAME "coova-chilli"
| #define PACKAGE_TARNAME "coova-chilli"
| #define PACKAGE_VERSION "1.3.0"
| #define PACKAGE_STRING "coova-chilli 1.3.0"
| #define PACKAGE_BUGREPORT "support@coova.com"
| #define PACKAGE_URL ""
| #define PACKAGE "coova-chilli"
| #define VERSION "1.3.0"
| #define STDC_HEADERS 1
| #define HAVE_SYS_TYPES_H 1
| #define HAVE_SYS_STAT_H 1
| #define HAVE_STDLIB_H 1
| #define HAVE_STRING_H 1
| #define HAVE_MEMORY_H 1
| #define HAVE_STRINGS_H 1
| #define HAVE_INTTYPES_H 1
| #define HAVE_STDINT_H 1
| #define HAVE_UNISTD_H 1
| #define HAVE_DLFCN_H 1
| #define LT_OBJDIR ".libs/"
| #define HAVE_TPACKET_STATS 1
| #define HAVE_LINUX_TPACKET_AUXDATA_TP_VLAN_TCI 1
| #define STDC_HEADERS 1
| #define HAVE_ARPA_INET_H 1
| #define HAVE_ERRNO_H 1
| #define HAVE_FCNTL_H 1
| #define HAVE_DIRENT_H 1
| #define HAVE_NETDB_H 1
| #define HAVE_NETINET_IN_H 1
| #define HAVE_NETINET_TCP_H 1
| #define HAVE_STDINT_H 1
| #define HAVE_STDDEF_H 1
| #define HAVE_STDLIB_H 1
| #define HAVE_STRING_H 1
| #define HAVE_SYS_IOCTL_H 1
| #define HAVE_SYS_SOCKET_H 1
| #define HAVE_SYS_SYSINFO_H 1
| #define HAVE_SYS_PARAM_H 1
| #define HAVE_SYS_TIME_H 1
| #define HAVE_TIME_H 1
| #define HAVE_SYS_IPC_H 1
| #define HAVE_SYS_MSG_H 1
| #define HAVE_SIGNAL_H 1
| #define HAVE_SYS_WAIT_H 1
| #define HAVE_SYS_UN_H 1
| #define HAVE_IFADDRS_H 1
| #define HAVE_SYS_STAT_H 1
| #define HAVE_SYS_TYPES_H 1
| #define HAVE_REGEX_H 1
| #define HAVE_SYSLOG_H 1
| #define HAVE_POLL_H 1
| #define HAVE_SYS_EPOLL_H 1
| #define HAVE_UNISTD_H 1
| #define HAVE_ENDIAN_H 1
| #define HAVE_LIBGEN_H 1
| #define HAVE_ASM_TYPES_H 1
| #define HAVE_PWD_H 1
| #define HAVE_GRP_H 1
| #define HAVE_RESOLV_H 1
| #define HAVE_NET_ROUTE_H 1
| #define HAVE_NET_IF_H 1
| #define HAVE_NET_IF_ARP_H 1
| /* end confdefs.h.  */
| 
| #include <stdio.h>
| #ifdef STDC_HEADERS
| # include <stdlib.h>
| # include <stddef.h>
| #else
| # ifdef HAVE_STDLIB_H
| #  include <stdlib.h>
| # endif
| #endif
| #ifdef HAVE_SYS_TYPES_H
| # include <sys/types.h>
| #endif
| #ifdef HAVE_SYS_SOCKET_H
| # include <sys/socket.h>
| #endif
| #ifdef HAVE_NETINET_IN_H
| # include <netinet/in.h>
| #endif
| 
| 
| #include <net/if_tun.h>
configure:11815: result: no
configure:11815: checking for net/ethernet.h
configure:11815: gcc -c -g -O2  conftest.c >&5
configure:11815: $? = 0
configure:11815: result: yes
configure:11847: checking for an ANSI C-conforming const
configure:11912: gcc -c -g -O2  conftest.c >&5
configure:11912: $? = 0
configure:11919: result: yes
configure:11927: checking for mode_t
configure:11927: gcc -c -g -O2  conftest.c >&5
configure:11927: $? = 0
configure:11927: gcc -c -g -O2  conftest.c >&5
conftest.c: In function 'main':
conftest.c:102:21: error: expected expression before ')' token
 if (sizeof ((mode_t)))
                     ^
configure:11927: $? = 1
configure: failed program was:
| /* confdefs.h */
| #define PACKAGE_NAME "coova-chilli"
| #define PACKAGE_TARNAME "coova-chilli"
| #define PACKAGE_VERSION "1.3.0"
| #define PACKAGE_STRING "coova-chilli 1.3.0"
| #define PACKAGE_BUGREPORT "support@coova.com"
| #define PACKAGE_URL ""
| #define PACKAGE "coova-chilli"
| #define VERSION "1.3.0"
| #define STDC_HEADERS 1
| #define HAVE_SYS_TYPES_H 1
| #define HAVE_SYS_STAT_H 1
| #define HAVE_STDLIB_H 1
| #define HAVE_STRING_H 1
| #define HAVE_MEMORY_H 1
| #define HAVE_STRINGS_H 1
| #define HAVE_INTTYPES_H 1
| #define HAVE_STDINT_H 1
| #define HAVE_UNISTD_H 1
| #define HAVE_DLFCN_H 1
| #define LT_OBJDIR ".libs/"
| #define HAVE_TPACKET_STATS 1
| #define HAVE_LINUX_TPACKET_AUXDATA_TP_VLAN_TCI 1
| #define STDC_HEADERS 1
| #define HAVE_ARPA_INET_H 1
| #define HAVE_ERRNO_H 1
| #define HAVE_FCNTL_H 1
| #define HAVE_DIRENT_H 1
| #define HAVE_NETDB_H 1
| #define HAVE_NETINET_IN_H 1
| #define HAVE_NETINET_TCP_H 1
| #define HAVE_STDINT_H 1
| #define HAVE_STDDEF_H 1
| #define HAVE_STDLIB_H 1
| #define HAVE_STRING_H 1
| #define HAVE_SYS_IOCTL_H 1
| #define HAVE_SYS_SOCKET_H 1
| #define HAVE_SYS_SYSINFO_H 1
| #define HAVE_SYS_PARAM_H 1
| #define HAVE_SYS_TIME_H 1
| #define HAVE_TIME_H 1
| #define HAVE_SYS_IPC_H 1
| #define HAVE_SYS_MSG_H 1
| #define HAVE_SIGNAL_H 1
| #define HAVE_SYS_WAIT_H 1
| #define HAVE_SYS_UN_H 1
| #define HAVE_IFADDRS_H 1
| #define HAVE_SYS_STAT_H 1
| #define HAVE_SYS_TYPES_H 1
| #define HAVE_REGEX_H 1
| #define HAVE_SYSLOG_H 1
| #define HAVE_POLL_H 1
| #define HAVE_SYS_EPOLL_H 1
| #define HAVE_UNISTD_H 1
| #define HAVE_ENDIAN_H 1
| #define HAVE_LIBGEN_H 1
| #define HAVE_ASM_TYPES_H 1
| #define HAVE_PWD_H 1
| #define HAVE_GRP_H 1
| #define HAVE_RESOLV_H 1
| #define HAVE_NET_ROUTE_H 1
| #define HAVE_NET_IF_H 1
| #define HAVE_NET_IF_ARP_H 1
| #define HAVE_NET_ETHERNET_H 1
| /* end confdefs.h.  */
| #include <stdio.h>
| #ifdef HAVE_SYS_TYPES_H
| # include <sys/types.h>
| #endif
| #ifdef HAVE_SYS_STAT_H
| # include <sys/stat.h>
| #endif
| #ifdef STDC_HEADERS
| # include <stdlib.h>
| # include <stddef.h>
| #else
| # ifdef HAVE_STDLIB_H
| #  include <stdlib.h>
| # endif
| #endif
| #ifdef HAVE_STRING_H
| # if !defined STDC_HEADERS && defined HAVE_MEMORY_H
| #  include <memory.h>
| # endif
| # include <string.h>
| #endif
| #ifdef HAVE_STRINGS_H
| # include <strings.h>
| #endif
| #ifdef HAVE_INTTYPES_H
| # include <inttypes.h>
| #endif
| #ifdef HAVE_STDINT_H
| # include <stdint.h>
| #endif
| #ifdef HAVE_UNISTD_H
| # include <unistd.h>
| #endif
| int
| main ()
| {
| if (sizeof ((mode_t)))
| 	    return 0;
|   ;
|   return 0;
| }
configure:11927: result: yes
configure:11938: checking whether time.h and sys/time.h may both be included
configure:11958: gcc -c -g -O2  conftest.c >&5
configure:11958: $? = 0
configure:11965: result: yes
configure:11975: checking for pid_t
configure:11975: gcc -c -g -O2  conftest.c >&5
configure:11975: $? = 0
configure:11975: gcc -c -g -O2  conftest.c >&5
conftest.c: In function 'main':
conftest.c:103:20: error: expected expression before ')' token
 if (sizeof ((pid_t)))
                    ^
configure:11975: $? = 1
configure: failed program was:
| /* confdefs.h */
| #define PACKAGE_NAME "coova-chilli"
| #define PACKAGE_TARNAME "coova-chilli"
| #define PACKAGE_VERSION "1.3.0"
| #define PACKAGE_STRING "coova-chilli 1.3.0"
| #define PACKAGE_BUGREPORT "support@coova.com"
| #define PACKAGE_URL ""
| #define PACKAGE "coova-chilli"
| #define VERSION "1.3.0"
| #define STDC_HEADERS 1
| #define HAVE_SYS_TYPES_H 1
| #define HAVE_SYS_STAT_H 1
| #define HAVE_STDLIB_H 1
| #define HAVE_STRING_H 1
| #define HAVE_MEMORY_H 1
| #define HAVE_STRINGS_H 1
| #define HAVE_INTTYPES_H 1
| #define HAVE_STDINT_H 1
| #define HAVE_UNISTD_H 1
| #define HAVE_DLFCN_H 1
| #define LT_OBJDIR ".libs/"
| #define HAVE_TPACKET_STATS 1
| #define HAVE_LINUX_TPACKET_AUXDATA_TP_VLAN_TCI 1
| #define STDC_HEADERS 1
| #define HAVE_ARPA_INET_H 1
| #define HAVE_ERRNO_H 1
| #define HAVE_FCNTL_H 1
| #define HAVE_DIRENT_H 1
| #define HAVE_NETDB_H 1
| #define HAVE_NETINET_IN_H 1
| #define HAVE_NETINET_TCP_H 1
| #define HAVE_STDINT_H 1
| #define HAVE_STDDEF_H 1
| #define HAVE_STDLIB_H 1
| #define HAVE_STRING_H 1
| #define HAVE_SYS_IOCTL_H 1
| #define HAVE_SYS_SOCKET_H 1
| #define HAVE_SYS_SYSINFO_H 1
| #define HAVE_SYS_PARAM_H 1
| #define HAVE_SYS_TIME_H 1
| #define HAVE_TIME_H 1
| #define HAVE_SYS_IPC_H 1
| #define HAVE_SYS_MSG_H 1
| #define HAVE_SIGNAL_H 1
| #define HAVE_SYS_WAIT_H 1
| #define HAVE_SYS_UN_H 1
| #define HAVE_IFADDRS_H 1
| #define HAVE_SYS_STAT_H 1
| #define HAVE_SYS_TYPES_H 1
| #define HAVE_REGEX_H 1
| #define HAVE_SYSLOG_H 1
| #define HAVE_POLL_H 1
| #define HAVE_SYS_EPOLL_H 1
| #define HAVE_UNISTD_H 1
| #define HAVE_ENDIAN_H 1
| #define HAVE_LIBGEN_H 1
| #define HAVE_ASM_TYPES_H 1
| #define HAVE_PWD_H 1
| #define HAVE_GRP_H 1
| #define HAVE_RESOLV_H 1
| #define HAVE_NET_ROUTE_H 1
| #define HAVE_NET_IF_H 1
| #define HAVE_NET_IF_ARP_H 1
| #define HAVE_NET_ETHERNET_H 1
| #define TIME_WITH_SYS_TIME 1
| /* end confdefs.h.  */
| #include <stdio.h>
| #ifdef HAVE_SYS_TYPES_H
| # include <sys/types.h>
| #endif
| #ifdef HAVE_SYS_STAT_H
| # include <sys/stat.h>
| #endif
| #ifdef STDC_HEADERS
| # include <stdlib.h>
| # include <stddef.h>
| #else
| # ifdef HAVE_STDLIB_H
| #  include <stdlib.h>
| # endif
| #endif
| #ifdef HAVE_STRING_H
| # if !defined STDC_HEADERS && defined HAVE_MEMORY_H
| #  include <memory.h>
| # endif
| # include <string.h>
| #endif
| #ifdef HAVE_STRINGS_H
| # include <strings.h>
| #endif
| #ifdef HAVE_INTTYPES_H
| # include <inttypes.h>
| #endif
| #ifdef HAVE_STDINT_H
| # include <stdint.h>
| #endif
| #ifdef HAVE_UNISTD_H
| # include <unistd.h>
| #endif
| int
| main ()
| {
| if (sizeof ((pid_t)))
| 	    return 0;
|   ;
|   return 0;
| }
configure:11975: result: yes
configure:11988: checking vfork.h usability
configure:11988: gcc -c -g -O2  conftest.c >&5
conftest.c:100:19: fatal error: vfork.h: No such file or directory
 #include <vfork.h>
                   ^
compilation terminated.
configure:11988: $? = 1
configure: failed program was:
| /* confdefs.h */
| #define PACKAGE_NAME "coova-chilli"
| #define PACKAGE_TARNAME "coova-chilli"
| #define PACKAGE_VERSION "1.3.0"
| #define PACKAGE_STRING "coova-chilli 1.3.0"
| #define PACKAGE_BUGREPORT "support@coova.com"
| #define PACKAGE_URL ""
| #define PACKAGE "coova-chilli"
| #define VERSION "1.3.0"
| #define STDC_HEADERS 1
| #define HAVE_SYS_TYPES_H 1
| #define HAVE_SYS_STAT_H 1
| #define HAVE_STDLIB_H 1
| #define HAVE_STRING_H 1
| #define HAVE_MEMORY_H 1
| #define HAVE_STRINGS_H 1
| #define HAVE_INTTYPES_H 1
| #define HAVE_STDINT_H 1
| #define HAVE_UNISTD_H 1
| #define HAVE_DLFCN_H 1
| #define LT_OBJDIR ".libs/"
| #define HAVE_TPACKET_STATS 1
| #define HAVE_LINUX_TPACKET_AUXDATA_TP_VLAN_TCI 1
| #define STDC_HEADERS 1
| #define HAVE_ARPA_INET_H 1
| #define HAVE_ERRNO_H 1
| #define HAVE_FCNTL_H 1
| #define HAVE_DIRENT_H 1
| #define HAVE_NETDB_H 1
| #define HAVE_NETINET_IN_H 1
| #define HAVE_NETINET_TCP_H 1
| #define HAVE_STDINT_H 1
| #define HAVE_STDDEF_H 1
| #define HAVE_STDLIB_H 1
| #define HAVE_STRING_H 1
| #define HAVE_SYS_IOCTL_H 1
| #define HAVE_SYS_SOCKET_H 1
| #define HAVE_SYS_SYSINFO_H 1
| #define HAVE_SYS_PARAM_H 1
| #define HAVE_SYS_TIME_H 1
| #define HAVE_TIME_H 1
| #define HAVE_SYS_IPC_H 1
| #define HAVE_SYS_MSG_H 1
| #define HAVE_SIGNAL_H 1
| #define HAVE_SYS_WAIT_H 1
| #define HAVE_SYS_UN_H 1
| #define HAVE_IFADDRS_H 1
| #define HAVE_SYS_STAT_H 1
| #define HAVE_SYS_TYPES_H 1
| #define HAVE_REGEX_H 1
| #define HAVE_SYSLOG_H 1
| #define HAVE_POLL_H 1
| #define HAVE_SYS_EPOLL_H 1
| #define HAVE_UNISTD_H 1
| #define HAVE_ENDIAN_H 1
| #define HAVE_LIBGEN_H 1
| #define HAVE_ASM_TYPES_H 1
| #define HAVE_PWD_H 1
| #define HAVE_GRP_H 1
| #define HAVE_RESOLV_H 1
| #define HAVE_NET_ROUTE_H 1
| #define HAVE_NET_IF_H 1
| #define HAVE_NET_IF_ARP_H 1
| #define HAVE_NET_ETHERNET_H 1
| #define TIME_WITH_SYS_TIME 1
| /* end confdefs.h.  */
| #include <stdio.h>
| #ifdef HAVE_SYS_TYPES_H
| # include <sys/types.h>
| #endif
| #ifdef HAVE_SYS_STAT_H
| # include <sys/stat.h>
| #endif
| #ifdef STDC_HEADERS
| # include <stdlib.h>
| # include <stddef.h>
| #else
| # ifdef HAVE_STDLIB_H
| #  include <stdlib.h>
| # endif
| #endif
| #ifdef HAVE_STRING_H
| # if !defined STDC_HEADERS && defined HAVE_MEMORY_H
| #  include <memory.h>
| # endif
| # include <string.h>
| #endif
| #ifdef HAVE_STRINGS_H
| # include <strings.h>
| #endif
| #ifdef HAVE_INTTYPES_H
| # include <inttypes.h>
| #endif
| #ifdef HAVE_STDINT_H
| # include <stdint.h>
| #endif
| #ifdef HAVE_UNISTD_H
| # include <unistd.h>
| #endif
| #include <vfork.h>
configure:11988: result: no
configure:11988: checking vfork.h presence
configure:11988: gcc -E  conftest.c
conftest.c:67:19: fatal error: vfork.h: No such file or directory
 #include <vfork.h>
                   ^
compilation terminated.
configure:11988: $? = 1
configure: failed program was:
| /* confdefs.h */
| #define PACKAGE_NAME "coova-chilli"
| #define PACKAGE_TARNAME "coova-chilli"
| #define PACKAGE_VERSION "1.3.0"
| #define PACKAGE_STRING "coova-chilli 1.3.0"
| #define PACKAGE_BUGREPORT "support@coova.com"
| #define PACKAGE_URL ""
| #define PACKAGE "coova-chilli"
| #define VERSION "1.3.0"
| #define STDC_HEADERS 1
| #define HAVE_SYS_TYPES_H 1
| #define HAVE_SYS_STAT_H 1
| #define HAVE_STDLIB_H 1
| #define HAVE_STRING_H 1
| #define HAVE_MEMORY_H 1
| #define HAVE_STRINGS_H 1
| #define HAVE_INTTYPES_H 1
| #define HAVE_STDINT_H 1
| #define HAVE_UNISTD_H 1
| #define HAVE_DLFCN_H 1
| #define LT_OBJDIR ".libs/"
| #define HAVE_TPACKET_STATS 1
| #define HAVE_LINUX_TPACKET_AUXDATA_TP_VLAN_TCI 1
| #define STDC_HEADERS 1
| #define HAVE_ARPA_INET_H 1
| #define HAVE_ERRNO_H 1
| #define HAVE_FCNTL_H 1
| #define HAVE_DIRENT_H 1
| #define HAVE_NETDB_H 1
| #define HAVE_NETINET_IN_H 1
| #define HAVE_NETINET_TCP_H 1
| #define HAVE_STDINT_H 1
| #define HAVE_STDDEF_H 1
| #define HAVE_STDLIB_H 1
| #define HAVE_STRING_H 1
| #define HAVE_SYS_IOCTL_H 1
| #define HAVE_SYS_SOCKET_H 1
| #define HAVE_SYS_SYSINFO_H 1
| #define HAVE_SYS_PARAM_H 1
| #define HAVE_SYS_TIME_H 1
| #define HAVE_TIME_H 1
| #define HAVE_SYS_IPC_H 1
| #define HAVE_SYS_MSG_H 1
| #define HAVE_SIGNAL_H 1
| #define HAVE_SYS_WAIT_H 1
| #define HAVE_SYS_UN_H 1
| #define HAVE_IFADDRS_H 1
| #define HAVE_SYS_STAT_H 1
| #define HAVE_SYS_TYPES_H 1
| #define HAVE_REGEX_H 1
| #define HAVE_SYSLOG_H 1
| #define HAVE_POLL_H 1
| #define HAVE_SYS_EPOLL_H 1
| #define HAVE_UNISTD_H 1
| #define HAVE_ENDIAN_H 1
| #define HAVE_LIBGEN_H 1
| #define HAVE_ASM_TYPES_H 1
| #define HAVE_PWD_H 1
| #define HAVE_GRP_H 1
| #define HAVE_RESOLV_H 1
| #define HAVE_NET_ROUTE_H 1
| #define HAVE_NET_IF_H 1
| #define HAVE_NET_IF_ARP_H 1
| #define HAVE_NET_ETHERNET_H 1
| #define TIME_WITH_SYS_TIME 1
| /* end confdefs.h.  */
| #include <vfork.h>
configure:11988: result: no
configure:11988: checking for vfork.h
configure:11988: result: no
configure:12001: checking for fork
configure:12001: gcc -o conftest -g -O2   conftest.c  >&5
conftest.c:90:6: warning: conflicting types for built-in function 'fork' [enabled by default]
 char fork ();
      ^
configure:12001: $? = 0
configure:12001: result: yes
configure:12001: checking for vfork
configure:12001: gcc -o conftest -g -O2   conftest.c  >&5
configure:12001: $? = 0
configure:12001: result: yes
configure:12011: checking for working fork
configure:12033: gcc -o conftest -g -O2   conftest.c  >&5
configure:12033: $? = 0
configure:12033: ./conftest
configure:12033: $? = 0
configure:12043: result: yes
configure:12064: checking for working vfork
configure:12174: result: yes
configure:12200: checking whether gcc needs -traditional
configure:12234: result: no
configure:12241: checking for working memcmp
configure:12284: gcc -o conftest -g -O2   conftest.c  >&5
configure:12284: $? = 0
configure:12284: ./conftest
configure:12284: $? = 0
configure:12294: result: yes
configure:12306: checking sys/select.h usability
configure:12306: gcc -c -g -O2  conftest.c >&5
configure:12306: $? = 0
configure:12306: result: yes
configure:12306: checking sys/select.h presence
configure:12306: gcc -E  conftest.c
configure:12306: $? = 0
configure:12306: result: yes
configure:12306: checking for sys/select.h
configure:12306: result: yes
configure:12306: checking for sys/socket.h
configure:12306: result: yes
configure:12316: checking types of arguments for select
configure:12344: gcc -c -g -O2  conftest.c >&5
configure:12344: $? = 0
configure:12355: result: int,fd_set *,struct timeval *
configure:12383: checking for gethostbyname
configure:12383: gcc -o conftest -g -O2   conftest.c  >&5
configure:12383: $? = 0
configure:12383: result: yes
configure:12383: checking for getprotoent
configure:12383: gcc -o conftest -g -O2   conftest.c  >&5
configure:12383: $? = 0
configure:12383: result: yes
configure:12383: checking for gettimeofday
configure:12383: gcc -o conftest -g -O2   conftest.c  >&5
configure:12383: $? = 0
configure:12383: result: yes
configure:12383: checking for inet_ntoa
configure:12383: gcc -o conftest -g -O2   conftest.c  >&5
configure:12383: $? = 0
configure:12383: result: yes
configure:12383: checking for memset
configure:12383: gcc -o conftest -g -O2   conftest.c  >&5
conftest.c:103:6: warning: conflicting types for built-in function 'memset' [enabled by default]
 char memset ();
      ^
configure:12383: $? = 0
configure:12383: result: yes
configure:12383: checking for select
configure:12383: gcc -o conftest -g -O2   conftest.c  >&5
configure:12383: $? = 0
configure:12383: result: yes
configure:12383: checking for socket
configure:12383: gcc -o conftest -g -O2   conftest.c  >&5
configure:12383: $? = 0
configure:12383: result: yes
configure:12383: checking for strdup
configure:12383: gcc -o conftest -g -O2   conftest.c  >&5
conftest.c:106:6: warning: conflicting types for built-in function 'strdup' [enabled by default]
 char strdup ();
      ^
configure:12383: $? = 0
configure:12383: result: yes
configure:12383: checking for strerror
configure:12383: gcc -o conftest -g -O2   conftest.c  >&5
configure:12383: $? = 0
configure:12383: result: yes
configure:12383: checking for strstr
configure:12383: gcc -o conftest -g -O2   conftest.c  >&5
conftest.c:108:6: warning: conflicting types for built-in function 'strstr' [enabled by default]
 char strstr ();
      ^
configure:12383: $? = 0
configure:12383: result: yes
configure:12383: checking for strtol
configure:12383: gcc -o conftest -g -O2   conftest.c  >&5
configure:12383: $? = 0
configure:12383: result: yes
configure:12383: checking for getline
configure:12383: gcc -o conftest -g -O2   conftest.c  >&5
configure:12383: $? = 0
configure:12383: result: yes
configure:12383: checking for dirname
configure:12383: gcc -o conftest -g -O2   conftest.c  >&5
configure:12383: $? = 0
configure:12383: result: yes
configure:12383: checking for glob
configure:12383: gcc -o conftest -g -O2   conftest.c  >&5
configure:12383: $? = 0
configure:12383: result: yes
configure:12383: checking for getaddrinfo
configure:12383: gcc -o conftest -g -O2   conftest.c  >&5
configure:12383: $? = 0
configure:12383: result: yes
configure:12383: checking for getnameinfo
configure:12383: gcc -o conftest -g -O2   conftest.c  >&5
configure:12383: $? = 0
configure:12383: result: yes
configure:12383: checking for getifaddrs
configure:12383: gcc -o conftest -g -O2   conftest.c  >&5
configure:12383: $? = 0
configure:12383: result: yes
configure:12383: checking for sysinfo
configure:12383: gcc -o conftest -g -O2   conftest.c  >&5
configure:12383: $? = 0
configure:12383: result: yes
configure:12392: checking for res_init in -lresolv
configure:12417: gcc -o conftest -g -O2   conftest.c -lresolv   >&5
/tmp/cc2LZDop.o: In function `main':
/home/hieu/hotspot/coova-chilli-1.3.0/conftest.c:105: undefined reference to `res_init'
collect2: error: ld returned 1 exit status
configure:12417: $? = 1
configure: failed program was:
| /* confdefs.h */
| #define PACKAGE_NAME "coova-chilli"
| #define PACKAGE_TARNAME "coova-chilli"
| #define PACKAGE_VERSION "1.3.0"
| #define PACKAGE_STRING "coova-chilli 1.3.0"
| #define PACKAGE_BUGREPORT "support@coova.com"
| #define PACKAGE_URL ""
| #define PACKAGE "coova-chilli"
| #define VERSION "1.3.0"
| #define STDC_HEADERS 1
| #define HAVE_SYS_TYPES_H 1
| #define HAVE_SYS_STAT_H 1
| #define HAVE_STDLIB_H 1
| #define HAVE_STRING_H 1
| #define HAVE_MEMORY_H 1
| #define HAVE_STRINGS_H 1
| #define HAVE_INTTYPES_H 1
| #define HAVE_STDINT_H 1
| #define HAVE_UNISTD_H 1
| #define HAVE_DLFCN_H 1
| #define LT_OBJDIR ".libs/"
| #define HAVE_TPACKET_STATS 1
| #define HAVE_LINUX_TPACKET_AUXDATA_TP_VLAN_TCI 1
| #define STDC_HEADERS 1
| #define HAVE_ARPA_INET_H 1
| #define HAVE_ERRNO_H 1
| #define HAVE_FCNTL_H 1
| #define HAVE_DIRENT_H 1
| #define HAVE_NETDB_H 1
| #define HAVE_NETINET_IN_H 1
| #define HAVE_NETINET_TCP_H 1
| #define HAVE_STDINT_H 1
| #define HAVE_STDDEF_H 1
| #define HAVE_STDLIB_H 1
| #define HAVE_STRING_H 1
| #define HAVE_SYS_IOCTL_H 1
| #define HAVE_SYS_SOCKET_H 1
| #define HAVE_SYS_SYSINFO_H 1
| #define HAVE_SYS_PARAM_H 1
| #define HAVE_SYS_TIME_H 1
| #define HAVE_TIME_H 1
| #define HAVE_SYS_IPC_H 1
| #define HAVE_SYS_MSG_H 1
| #define HAVE_SIGNAL_H 1
| #define HAVE_SYS_WAIT_H 1
| #define HAVE_SYS_UN_H 1
| #define HAVE_IFADDRS_H 1
| #define HAVE_SYS_STAT_H 1
| #define HAVE_SYS_TYPES_H 1
| #define HAVE_REGEX_H 1
| #define HAVE_SYSLOG_H 1
| #define HAVE_POLL_H 1
| #define HAVE_SYS_EPOLL_H 1
| #define HAVE_UNISTD_H 1
| #define HAVE_ENDIAN_H 1
| #define HAVE_LIBGEN_H 1
| #define HAVE_ASM_TYPES_H 1
| #define HAVE_PWD_H 1
| #define HAVE_GRP_H 1
| #define HAVE_RESOLV_H 1
| #define HAVE_NET_ROUTE_H 1
| #define HAVE_NET_IF_H 1
| #define HAVE_NET_IF_ARP_H 1
| #define HAVE_NET_ETHERNET_H 1
| #define TIME_WITH_SYS_TIME 1
| #define HAVE_FORK 1
| #define HAVE_VFORK 1
| #define HAVE_WORKING_VFORK 1
| #define HAVE_WORKING_FORK 1
| #define HAVE_SYS_SELECT_H 1
| #define HAVE_SYS_SOCKET_H 1
| #define SELECT_TYPE_ARG1 int
| #define SELECT_TYPE_ARG234 (fd_set *)
| #define SELECT_TYPE_ARG5 (struct timeval *)
| #define HAVE_GETHOSTBYNAME 1
| #define HAVE_GETPROTOENT 1
| #define HAVE_GETTIMEOFDAY 1
| #define HAVE_INET_NTOA 1
| #define HAVE_MEMSET 1
| #define HAVE_SELECT 1
| #define HAVE_SOCKET 1
| #define HAVE_STRDUP 1
| #define HAVE_STRERROR 1
| #define HAVE_STRSTR 1
| #define HAVE_STRTOL 1
| #define HAVE_GETLINE 1
| #define HAVE_DIRNAME 1
| #define HAVE_GLOB 1
| #define HAVE_GETADDRINFO 1
| #define HAVE_GETNAMEINFO 1
| #define HAVE_GETIFADDRS 1
| #define HAVE_SYSINFO 1
| /* end confdefs.h.  */
| 
| /* Override any GCC internal prototype to avoid an error.
|    Use char because int might match the return type of a GCC
|    builtin and then its argument prototype would still apply.  */
| #ifdef __cplusplus
| extern "C"
| #endif
| char res_init ();
| int
| main ()
| {
| return res_init ();
|   ;
|   return 0;
| }
configure:12426: result: no
configure:12823: checking for CRYPTO_malloc in -lcrypto
configure:12848: gcc -o conftest -g -O2   conftest.c -lcrypto -lssl -lcrypto  >&5
configure:12848: $? = 0
configure:12857: result: yes
configure:14117: checking for clock_gettime in -lrt
configure:14142: gcc -o conftest -g -O2   conftest.c -lrt   >&5
configure:14142: $? = 0
configure:14151: result: yes
configure:14474: creating ./config.status

## ---------------------- ##
## Running config.status. ##
## ---------------------- ##

This file was extended by coova-chilli config.status 1.3.0, which was
generated by GNU Autoconf 2.68.  Invocation command line was

  CONFIG_FILES    = 
  CONFIG_HEADERS  = 
  CONFIG_LINKS    = 
  CONFIG_COMMANDS = 
  $ ./config.status 

on hieu-K43E

config.status:1269: creating Makefile
config.status:1269: creating bstring/Makefile
config.status:1269: creating src/Makefile
config.status:1269: creating src/mssl/Makefile
config.status:1269: creating www/Makefile
config.status:1269: creating doc/Makefile
config.status:1269: creating conf/Makefile
config.status:1269: creating debian/Makefile
config.status:1269: creating miniportal/Makefile
config.status:1269: creating json/Makefile
config.status:1269: creating distro/Makefile
config.status:1269: creating distro/suse/coova-chilli.spec
config.status:1269: creating distro/redhat/coova-chilli.spec
config.status:1269: creating config.h
config.status:1450: config.h is unchanged
config.status:1498: executing depfiles commands
config.status:1498: executing libtool commands

## ---------------- ##
## Cache variables. ##
## ---------------- ##

ac_cv_build=x86_64-unknown-linux-gnu
ac_cv_c_compiler_gnu=yes
ac_cv_c_const=yes
ac_cv_env_CC_set=
ac_cv_env_CC_value=
ac_cv_env_CFLAGS_set=
ac_cv_env_CFLAGS_value=
ac_cv_env_CPPFLAGS_set=
ac_cv_env_CPPFLAGS_value=
ac_cv_env_CPP_set=
ac_cv_env_CPP_value=
ac_cv_env_LDFLAGS_set=
ac_cv_env_LDFLAGS_value=
ac_cv_env_LIBS_set=
ac_cv_env_LIBS_value=
ac_cv_env_build_alias_set=
ac_cv_env_build_alias_value=
ac_cv_env_host_alias_set=
ac_cv_env_host_alias_value=
ac_cv_env_target_alias_set=
ac_cv_env_target_alias_value=
ac_cv_func_dirname=yes
ac_cv_func_fork=yes
ac_cv_func_fork_works=yes
ac_cv_func_getaddrinfo=yes
ac_cv_func_gethostbyname=yes
ac_cv_func_getifaddrs=yes
ac_cv_func_getline=yes
ac_cv_func_getnameinfo=yes
ac_cv_func_getprotoent=yes
ac_cv_func_gettimeofday=yes
ac_cv_func_glob=yes
ac_cv_func_inet_ntoa=yes
ac_cv_func_memcmp_working=yes
ac_cv_func_memset=yes
ac_cv_func_select=yes
ac_cv_func_select_args='int,fd_set *,struct timeval *'
ac_cv_func_socket=yes
ac_cv_func_strdup=yes
ac_cv_func_strerror=yes
ac_cv_func_strstr=yes
ac_cv_func_strtol=yes
ac_cv_func_sysinfo=yes
ac_cv_func_vfork=yes
ac_cv_func_vfork_works=yes
ac_cv_header_arpa_inet_h=yes
ac_cv_header_asm_types_h=yes
ac_cv_header_dirent_h=yes
ac_cv_header_dlfcn_h=yes
ac_cv_header_endian_h=yes
ac_cv_header_errno_h=yes
ac_cv_header_fcntl_h=yes
ac_cv_header_grp_h=yes
ac_cv_header_ifaddrs_h=yes
ac_cv_header_inttypes_h=yes
ac_cv_header_libgen_h=yes
ac_cv_header_memory_h=yes
ac_cv_header_net_ethernet_h=yes
ac_cv_header_net_if_arp_h=yes
ac_cv_header_net_if_h=yes
ac_cv_header_net_if_tun_h=no
ac_cv_header_net_route_h=yes
ac_cv_header_netdb_h=yes
ac_cv_header_netinet_in_h=yes
ac_cv_header_netinet_tcp_h=yes
ac_cv_header_poll_h=yes
ac_cv_header_pwd_h=yes
ac_cv_header_regex_h=yes
ac_cv_header_resolv_h=yes
ac_cv_header_signal_h=yes
ac_cv_header_stdc=yes
ac_cv_header_stddef_h=yes
ac_cv_header_stdint_h=yes
ac_cv_header_stdlib_h=yes
ac_cv_header_string_h=yes
ac_cv_header_strings_h=yes
ac_cv_header_sys_epoll_h=yes
ac_cv_header_sys_ioctl_h=yes
ac_cv_header_sys_ipc_h=yes
ac_cv_header_sys_msg_h=yes
ac_cv_header_sys_param_h=yes
ac_cv_header_sys_select_h=yes
ac_cv_header_sys_socket_h=yes
ac_cv_header_sys_stat_h=yes
ac_cv_header_sys_sysinfo_h=yes
ac_cv_header_sys_time_h=yes
ac_cv_header_sys_types_h=yes
ac_cv_header_sys_un_h=yes
ac_cv_header_sys_wait_h=yes
ac_cv_header_syslog_h=yes
ac_cv_header_time=yes
ac_cv_header_time_h=yes
ac_cv_header_unistd_h=yes
ac_cv_header_vfork_h=no
ac_cv_host=x86_64-unknown-linux-gnu
ac_cv_lbl_linux_tpacket_auxdata_tp_vlan_tci=yes
ac_cv_lbl_tpacket_stats=yes
ac_cv_lib_crypto_CRYPTO_malloc=yes
ac_cv_lib_resolv_res_init=no
ac_cv_lib_rt_clock_gettime=yes
ac_cv_objext=o
ac_cv_path_EGREP='/bin/grep -E'
ac_cv_path_FGREP='/bin/grep -F'
ac_cv_path_GREP=/bin/grep
ac_cv_path_SED=/bin/sed
ac_cv_path_install='/usr/bin/install -c'
ac_cv_path_mkdir=/bin/mkdir
ac_cv_prog_AWK=gawk
ac_cv_prog_CPP='gcc -E'
ac_cv_prog_ac_ct_AR=ar
ac_cv_prog_ac_ct_CC=gcc
ac_cv_prog_ac_ct_MANIFEST_TOOL=mt
ac_cv_prog_ac_ct_OBJDUMP=objdump
ac_cv_prog_ac_ct_RANLIB=ranlib
ac_cv_prog_ac_ct_STRIP=strip
ac_cv_prog_cc_c89=
ac_cv_prog_cc_g=yes
ac_cv_prog_gcc_traditional=no
ac_cv_prog_make_make_set=yes
ac_cv_type_mode_t=yes
ac_cv_type_pid_t=yes
am_cv_CC_dependencies_compiler_type=gcc3
lt_cv_ar_at_file=@
lt_cv_archive_cmds_need_lc=no
lt_cv_deplibs_check_method=pass_all
lt_cv_file_magic_cmd='$MAGIC_CMD'
lt_cv_file_magic_test_file=
lt_cv_ld_reload_flag=-r
lt_cv_nm_interface='BSD nm'
lt_cv_objdir=.libs
lt_cv_path_LD=/usr/bin/ld
lt_cv_path_NM='/usr/bin/nm -B'
lt_cv_path_mainfest_tool=no
lt_cv_prog_compiler_c_o=yes
lt_cv_prog_compiler_pic='-fPIC -DPIC'
lt_cv_prog_compiler_pic_works=yes
lt_cv_prog_compiler_rtti_exceptions=no
lt_cv_prog_compiler_static_works=yes
lt_cv_prog_gnu_ld=yes
lt_cv_sharedlib_from_linklib_cmd='printf %s\n'
lt_cv_shlibpath_overrides_runpath=no
lt_cv_sys_global_symbol_pipe='sed -n -e '\''s/^.*[	 ]\([ABCDGIRSTW][ABCDGIRSTW]*\)[	 ][	 ]*\([_A-Za-z][_A-Za-z0-9]*\)$/\1 \2 \2/p'\'' | sed '\''/ __gnu_lto/d'\'''
lt_cv_sys_global_symbol_to_c_name_address='sed -n -e '\''s/^: \([^ ]*\)[ ]*$/  {\"\1\", (void *) 0},/p'\'' -e '\''s/^[ABCDGIRSTW]* \([^ ]*\) \([^ ]*\)$/  {"\2", (void *) \&\2},/p'\'''
lt_cv_sys_global_symbol_to_c_name_address_lib_prefix='sed -n -e '\''s/^: \([^ ]*\)[ ]*$/  {\"\1\", (void *) 0},/p'\'' -e '\''s/^[ABCDGIRSTW]* \([^ ]*\) \(lib[^ ]*\)$/  {"\2", (void *) \&\2},/p'\'' -e '\''s/^[ABCDGIRSTW]* \([^ ]*\) \([^ ]*\)$/  {"lib\2", (void *) \&\2},/p'\'''
lt_cv_sys_global_symbol_to_cdecl='sed -n -e '\''s/^T .* \(.*\)$/extern int \1();/p'\'' -e '\''s/^[ABCDGIRSTW]* .* \(.*\)$/extern char \1;/p'\'''
lt_cv_sys_max_cmd_len=1572864
lt_cv_to_host_file_cmd=func_convert_file_noop
lt_cv_to_tool_file_cmd=func_convert_file_noop

## ----------------- ##
## Output variables. ##
## ----------------- ##

ACLOCAL='${SHELL} /home/hieu/hotspot/coova-chilli-1.3.0/missing --run aclocal-1.11'
AMDEPBACKSLASH='\'
AMDEP_FALSE='#'
AMDEP_TRUE=''
AMTAR='$${TAR-tar}'
AR='ar'
AUTOCONF='${SHELL} /home/hieu/hotspot/coova-chilli-1.3.0/missing --run autoconf'
AUTOHEADER='${SHELL} /home/hieu/hotspot/coova-chilli-1.3.0/missing --run autoheader'
AUTOMAKE='${SHELL} /home/hieu/hotspot/coova-chilli-1.3.0/missing --run automake-1.11'
AWK='gawk'
CC='gcc'
CCDEPMODE='depmode=gcc3'
CFLAGS='-g -O2'
CPP='gcc -E'
CPPFLAGS=''
CYGPATH_W='echo'
DEFS='-DHAVE_CONFIG_H'
DEPDIR='.deps'
DLLTOOL='false'
DSYMUTIL=''
DUMPBIN=''
ECHO_C=''
ECHO_N='-n'
ECHO_T=''
EGREP='/bin/grep -E'
EXEEXT=''
FGREP='/bin/grep -F'
GREP='/bin/grep'
HAVE_LINUX_TPACKET_AUXDATA='tp_vlan_tci'
INSTALL_DATA='${INSTALL} -m 644'
INSTALL_PROGRAM='${INSTALL}'
INSTALL_SCRIPT='${INSTALL}'
INSTALL_STRIP_PROGRAM='$(install_sh) -c -s'
LD='/usr/bin/ld -m elf_x86_64'
LDFLAGS=''
LIBCURL=''
LIBNETFILTER_QUEUE=''
LIBOBJS=''
LIBPCAP=''
LIBS='-lrt '
LIBSSL='-lssl -lcrypto'
LIBTOOL='$(SHELL) $(top_builddir)/libtool'
LIPO=''
LN_S='ln -s'
LTLIBOBJS=''
MAKEINFO='${SHELL} /home/hieu/hotspot/coova-chilli-1.3.0/missing --run makeinfo'
MANIFEST_TOOL=':'
MKDIR_P='/bin/mkdir -p'
NM='/usr/bin/nm -B'
NMEDIT=''
OBJDUMP='objdump'
OBJEXT='o'
OTOOL64=''
OTOOL=''
PACKAGE='coova-chilli'
PACKAGE_BUGREPORT='support@coova.com'
PACKAGE_NAME='coova-chilli'
PACKAGE_STRING='coova-chilli 1.3.0'
PACKAGE_TARNAME='coova-chilli'
PACKAGE_URL=''
PACKAGE_VERSION='1.3.0'
PATH_SEPARATOR=':'
RANLIB='ranlib'
SED='/bin/sed'
SET_MAKE=''
SHELL='/bin/bash'
STRIP='strip'
VERSION='1.3.0'
WITH_AVL_FALSE=''
WITH_AVL_TRUE='#'
WITH_CHILLIPROXY_FALSE=''
WITH_CHILLIPROXY_TRUE='#'
WITH_CHILLIQUERY_FALSE='#'
WITH_CHILLIQUERY_TRUE=''
WITH_CHILLIRADSEC_FALSE=''
WITH_CHILLIRADSEC_TRUE='#'
WITH_CHILLIREDIR_FALSE=''
WITH_CHILLIREDIR_TRUE='#'
WITH_CHILLISCRIPT_FALSE=''
WITH_CHILLISCRIPT_TRUE='#'
WITH_CLUSTER_FALSE=''
WITH_CLUSTER_TRUE='#'
WITH_CONFIG_FALSE=''
WITH_CONFIG_TRUE='#'
WITH_CURL_FALSE=''
WITH_CURL_TRUE='#'
WITH_CYASSL_FALSE=''
WITH_CYASSL_TRUE='#'
WITH_EAPOL_FALSE=''
WITH_EAPOL_TRUE='#'
WITH_EWTAPI_FALSE=''
WITH_EWTAPI_TRUE='#'
WITH_IEEE8023_FALSE=''
WITH_IEEE8023_TRUE='#'
WITH_IPV6_FALSE='#'
WITH_IPV6_TRUE=''
WITH_JSONLIB_FALSE=''
WITH_JSONLIB_TRUE='#'
WITH_L2TP_PPP_FALSE=''
WITH_L2TP_PPP_TRUE='#'
WITH_LOCATION_FALSE=''
WITH_LOCATION_TRUE='#'
WITH_LOOKUP3_FALSE=''
WITH_LOOKUP3_TRUE='#'
WITH_MATRIXSSL_CLI_FALSE=''
WITH_MATRIXSSL_CLI_TRUE='#'
WITH_MATRIXSSL_FALSE=''
WITH_MATRIXSSL_TRUE='#'
WITH_MDNS_FALSE=''
WITH_MDNS_TRUE='#'
WITH_MINICONFIG_FALSE=''
WITH_MINICONFIG_TRUE='#'
WITH_MINIPORTAL_FALSE='#'
WITH_MINIPORTAL_TRUE=''
WITH_MODULES_FALSE=''
WITH_MODULES_TRUE='#'
WITH_MULTILAN_FALSE=''
WITH_MULTILAN_TRUE='#'
WITH_MULTIROUTE_FALSE=''
WITH_MULTIROUTE_TRUE='#'
WITH_NETBIOS_FALSE=''
WITH_NETBIOS_TRUE='#'
WITH_NETFILTER_COOVA_FALSE=''
WITH_NETFILTER_COOVA_TRUE='#'
WITH_NETFILTER_QUEUE_FALSE=''
WITH_NETFILTER_QUEUE_TRUE='#'
WITH_NETNAT_FALSE=''
WITH_NETNAT_TRUE='#'
WITH_OPENSSL_FALSE='#'
WITH_OPENSSL_TRUE=''
WITH_PATRICIA_FALSE=''
WITH_PATRICIA_TRUE='#'
WITH_PCAP_FALSE=''
WITH_PCAP_TRUE='#'
WITH_PPPOE_FALSE=''
WITH_PPPOE_TRUE='#'
WITH_REDIRINJECT_FALSE=''
WITH_REDIRINJECT_TRUE='#'
WITH_SFHASH_FALSE='#'
WITH_SFHASH_TRUE=''
WITH_SSL_FALSE='#'
WITH_SSL_TRUE=''
ac_ct_AR='ar'
ac_ct_CC='gcc'
ac_ct_DUMPBIN=''
am__EXEEXT_FALSE=''
am__EXEEXT_TRUE='#'
am__fastdepCC_FALSE='#'
am__fastdepCC_TRUE=''
am__include='include'
am__isrc=''
am__leading_dot='.'
am__nodep='_no'
am__quote=''
am__tar='$${TAR-tar} chof - "$$tardir"'
am__untar='$${TAR-tar} xf -'
bindir='${exec_prefix}/bin'
build='x86_64-unknown-linux-gnu'
build_alias=''
build_cpu='x86_64'
build_os='linux-gnu'
build_vendor='unknown'
datadir='${datarootdir}'
datarootdir='${prefix}/share'
docdir='${datarootdir}/doc/${PACKAGE_TARNAME}'
dvidir='${docdir}'
exec_prefix='${prefix}'
host='x86_64-unknown-linux-gnu'
host_alias=''
host_cpu='x86_64'
host_os='linux-gnu'
host_vendor='unknown'
htmldir='${docdir}'
includedir='${prefix}/include'
infodir='${datarootdir}/info'
install_sh='${SHELL} /home/hieu/hotspot/coova-chilli-1.3.0/install-sh'
libdir='${exec_prefix}/lib'
libexecdir='${exec_prefix}/libexec'
localedir='${datarootdir}/locale'
localstatedir='${prefix}/var'
mandir='${datarootdir}/man'
mkdir_p='/bin/mkdir -p'
oldincludedir='/usr/include'
pdfdir='${docdir}'
prefix='/usr/local'
program_transform_name='s,x,x,'
psdir='${docdir}'
sbindir='${exec_prefix}/sbin'
sharedstatedir='${prefix}/com'
sysconfdir='${prefix}/etc'
target_alias=''

## ----------- ##
## confdefs.h. ##
## ----------- ##

/* confdefs.h */
#define PACKAGE_NAME "coova-chilli"
#define PACKAGE_TARNAME "coova-chilli"
#define PACKAGE_VERSION "1.3.0"
#define PACKAGE_STRING "coova-chilli 1.3.0"
#define PACKAGE_BUGREPORT "support@coova.com"
#define PACKAGE_URL ""
#define PACKAGE "coova-chilli"
#define VERSION "1.3.0"
#define STDC_HEADERS 1
#define HAVE_SYS_TYPES_H 1
#define HAVE_SYS_STAT_H 1
#define HAVE_STDLIB_H 1
#define HAVE_STRING_H 1
#define HAVE_MEMORY_H 1
#define HAVE_STRINGS_H 1
#define HAVE_INTTYPES_H 1
#define HAVE_STDINT_H 1
#define HAVE_UNISTD_H 1
#define HAVE_DLFCN_H 1
#define LT_OBJDIR ".libs/"
#define HAVE_TPACKET_STATS 1
#define HAVE_LINUX_TPACKET_AUXDATA_TP_VLAN_TCI 1
#define STDC_HEADERS 1
#define HAVE_ARPA_INET_H 1
#define HAVE_ERRNO_H 1
#define HAVE_FCNTL_H 1
#define HAVE_DIRENT_H 1
#define HAVE_NETDB_H 1
#define HAVE_NETINET_IN_H 1
#define HAVE_NETINET_TCP_H 1
#define HAVE_STDINT_H 1
#define HAVE_STDDEF_H 1
#define HAVE_STDLIB_H 1
#define HAVE_STRING_H 1
#define HAVE_SYS_IOCTL_H 1
#define HAVE_SYS_SOCKET_H 1
#define HAVE_SYS_SYSINFO_H 1
#define HAVE_SYS_PARAM_H 1
#define HAVE_SYS_TIME_H 1
#define HAVE_TIME_H 1
#define HAVE_SYS_IPC_H 1
#define HAVE_SYS_MSG_H 1
#define HAVE_SIGNAL_H 1
#define HAVE_SYS_WAIT_H 1
#define HAVE_SYS_UN_H 1
#define HAVE_IFADDRS_H 1
#define HAVE_SYS_STAT_H 1
#define HAVE_SYS_TYPES_H 1
#define HAVE_REGEX_H 1
#define HAVE_SYSLOG_H 1
#define HAVE_POLL_H 1
#define HAVE_SYS_EPOLL_H 1
#define HAVE_UNISTD_H 1
#define HAVE_ENDIAN_H 1
#define HAVE_LIBGEN_H 1
#define HAVE_ASM_TYPES_H 1
#define HAVE_PWD_H 1
#define HAVE_GRP_H 1
#define HAVE_RESOLV_H 1
#define HAVE_NET_ROUTE_H 1
#define HAVE_NET_IF_H 1
#define HAVE_NET_IF_ARP_H 1
#define HAVE_NET_ETHERNET_H 1
#define TIME_WITH_SYS_TIME 1
#define HAVE_FORK 1
#define HAVE_VFORK 1
#define HAVE_WORKING_VFORK 1
#define HAVE_WORKING_FORK 1
#define HAVE_SYS_SELECT_H 1
#define HAVE_SYS_SOCKET_H 1
#define SELECT_TYPE_ARG1 int
#define SELECT_TYPE_ARG234 (fd_set *)
#define SELECT_TYPE_ARG5 (struct timeval *)
#define HAVE_GETHOSTBYNAME 1
#define HAVE_GETPROTOENT 1
#define HAVE_GETTIMEOFDAY 1
#define HAVE_INET_NTOA 1
#define HAVE_MEMSET 1
#define HAVE_SELECT 1
#define HAVE_SOCKET 1
#define HAVE_STRDUP 1
#define HAVE_STRERROR 1
#define HAVE_STRSTR 1
#define HAVE_STRTOL 1
#define HAVE_GETLINE 1
#define HAVE_DIRNAME 1
#define HAVE_GLOB 1
#define HAVE_GETADDRINFO 1
#define HAVE_GETNAMEINFO 1
#define HAVE_GETIFADDRS 1
#define HAVE_SYSINFO 1
#define ENABLE_CHILLIQUERY 1
#define ENABLE_LEAKYBUCKET 1
#define ENABLE_UAMANYIP 1
#define ENABLE_UAMUIPORT 1
#define ENABLE_ACCOUNTING_ONOFF 1
#define ENABLE_TAP 1
#define ENABLE_TCPRESET 1
#define ENABLE_RADPROXY 1
#define ENABLE_JSON 1
#define ENABLE_DEBUG 1
#define ENABLE_DHCPRADIUS 1
#define ENABLE_COA 1
#define ENABLE_IEEE8021Q 1
#define HAVE_OPENSSL 1
#define HAVE_SFHASH 1
#define ENABLE_IPV6 1
#define ENABLE_CHILLISPOTCONFIG 1
#define ENABLE_MINIPORTAL 1
#define HAVE_LIBRT 1

configure: exit 0
